[0.553s] Invoking command in '/home/manoj/ros/robot_ws/build/nav2_sms_behavior': CMAKE_PREFIX_PATH=/home/manoj/ros/robot_ws/install/nav2_gps_waypoint_follower_demo:/home/manoj/ros/robot_ws/install/base_pkg:/opt/ros/humble:${CMAKE_PREFIX_PATH} /usr/bin/cmake --build /home/manoj/ros/robot_ws/build/nav2_sms_behavior -- -j12 -l12
[0.610s] [  2%] [34m[1mGenerating C code for ROS interfaces[0m
[0.628s] [  5%] [34m[1mGenerating C++ code for ROS interfaces[0m
[1.208s] [  5%] Built target nav2_sms_behavior__cpp
[1.256s] [  8%] [32mBuilding C object CMakeFiles/nav2_sms_behavior__rosidl_generator_c.dir/rosidl_generator_c/nav2_sms_behavior/action/detail/send_sms__functions.c.o[0m
[1.403s] [ 11%] [32m[1mLinking C shared library libnav2_sms_behavior__rosidl_generator_c.so[0m
[1.447s] [ 11%] Built target nav2_sms_behavior__rosidl_generator_c
[1.455s] [ 14%] [34m[1mGenerating C++ introspection for ROS interfaces[0m
[1.748s] [ 17%] [32mBuilding CXX object CMakeFiles/nav2_sms_behavior__rosidl_typesupport_introspection_cpp.dir/rosidl_typesupport_introspection_cpp/nav2_sms_behavior/action/detail/send_sms__type_support.cpp.o[0m
[2.198s] [ 20%] [32m[1mLinking CXX shared library libnav2_sms_behavior__rosidl_typesupport_introspection_cpp.so[0m
[2.255s] [ 20%] Built target nav2_sms_behavior__rosidl_typesupport_introspection_cpp
[2.264s] [ 23%] [34m[1mGenerating C type support dispatch for ROS interfaces[0m
[2.513s] [ 26%] [32mBuilding CXX object CMakeFiles/nav2_sms_behavior__rosidl_typesupport_c.dir/rosidl_typesupport_c/nav2_sms_behavior/action/send_sms__type_support.cpp.o[0m
[2.549s] [ 29%] [32m[1mLinking CXX shared library libnav2_sms_behavior__rosidl_typesupport_c.so[0m
[2.583s] [ 29%] Built target nav2_sms_behavior__rosidl_typesupport_c
[2.591s] [ 32%] [34m[1mGenerating C introspection for ROS interfaces[0m
[2.921s] [ 35%] [32mBuilding C object CMakeFiles/nav2_sms_behavior__rosidl_typesupport_introspection_c.dir/rosidl_typesupport_introspection_c/nav2_sms_behavior/action/detail/send_sms__type_support.c.o[0m
[2.959s] [ 38%] [32m[1mLinking C shared library libnav2_sms_behavior__rosidl_typesupport_introspection_c.so[0m
[2.985s] [ 38%] Built target nav2_sms_behavior__rosidl_typesupport_introspection_c
[2.993s] [ 41%] [34m[1mGenerating C type support for eProsima Fast-RTPS[0m
[3.352s] [ 44%] [32mBuilding CXX object CMakeFiles/nav2_sms_behavior__rosidl_typesupport_fastrtps_c.dir/rosidl_typesupport_fastrtps_c/nav2_sms_behavior/action/detail/send_sms__type_support_c.cpp.o[0m
[3.668s] [ 47%] [32m[1mLinking CXX shared library libnav2_sms_behavior__rosidl_typesupport_fastrtps_c.so[0m
[3.724s] [ 47%] Built target nav2_sms_behavior__rosidl_typesupport_fastrtps_c
[3.732s] [ 50%] [34m[1mGenerating C++ type support for eProsima Fast-RTPS[0m
[4.083s] [ 52%] [32mBuilding CXX object CMakeFiles/nav2_sms_behavior__rosidl_typesupport_fastrtps_cpp.dir/rosidl_typesupport_fastrtps_cpp/nav2_sms_behavior/action/detail/dds_fastrtps/send_sms__type_support.cpp.o[0m
[4.517s] [ 55%] [32m[1mLinking CXX shared library libnav2_sms_behavior__rosidl_typesupport_fastrtps_cpp.so[0m
[4.570s] [ 55%] Built target nav2_sms_behavior__rosidl_typesupport_fastrtps_cpp
[4.579s] [ 58%] [34m[1mGenerating C++ type support dispatch for ROS interfaces[0m
[4.827s] [ 61%] [32mBuilding CXX object CMakeFiles/nav2_sms_behavior__rosidl_typesupport_cpp.dir/rosidl_typesupport_cpp/nav2_sms_behavior/action/send_sms__type_support.cpp.o[0m
[5.159s] [ 64%] [32m[1mLinking CXX shared library libnav2_sms_behavior__rosidl_typesupport_cpp.so[0m
[5.190s] [ 64%] Built target nav2_sms_behavior__rosidl_typesupport_cpp
[5.210s] [ 64%] Built target ament_cmake_python_copy_nav2_sms_behavior
[5.230s] [ 67%] [32mBuilding CXX object CMakeFiles/nav2_sms_behavior_plugin.dir/src/send_sms.cpp.o[0m
[7.501s] In file included from [01m[K/home/manoj/ros/robot_ws/src/navigation2_tutorials/nav2_sms_behavior/src/send_sms.cpp:8[m[K:
[7.501s] [01m[K/home/manoj/ros/robot_ws/src/navigation2_tutorials/nav2_sms_behavior/include/nav2_sms_behavior/send_sms.hpp:27:3:[m[K [01;31m[Kerror: [m[Kâ€˜[01m[KResultStatus[m[Kâ€™ does not name a type
[7.502s]    27 |   [01;31m[KResultStatus[m[K onRun(const std::shared_ptr<const Action::Goal> command) override;
[7.502s]       |   [01;31m[K^~~~~~~~~~~~[m[K
[7.503s] [01m[K/home/manoj/ros/robot_ws/src/navigation2_tutorials/nav2_sms_behavior/include/nav2_sms_behavior/send_sms.hpp:29:3:[m[K [01;31m[Kerror: [m[Kâ€˜[01m[KResultStatus[m[Kâ€™ does not name a type
[7.503s]    29 |   [01;31m[KResultStatus[m[K onCycleUpdate() override;
[7.503s]       |   [01;31m[K^~~~~~~~~~~~[m[K
[7.503s] [01m[K/home/manoj/ros/robot_ws/src/navigation2_tutorials/nav2_sms_behavior/include/nav2_sms_behavior/send_sms.hpp:37:14:[m[K [01;31m[Kerror: [m[Kâ€˜[01m[KCostmapInfoType[m[Kâ€™ in namespace â€˜[01m[Knav2_core[m[Kâ€™ does not name a type
[7.503s]    37 |   nav2_core::[01;31m[KCostmapInfoType[m[K getResourceInfo() override {return nav2_core::CostmapInfoType::NONE;}
[7.503s]       |              [01;31m[K^~~~~~~~~~~~~~~[m[K
[7.509s] [01m[K/home/manoj/ros/robot_ws/src/navigation2_tutorials/nav2_sms_behavior/src/send_sms.cpp:36:1:[m[K [01;31m[Kerror: [m[Kâ€˜[01m[KResultStatus[m[Kâ€™ does not name a type
[7.509s]    36 | [01;31m[KResultStatus[m[K SendSms::onRun(const std::shared_ptr<const Action::Goal> command)
[7.510s]       | [01;31m[K^~~~~~~~~~~~[m[K
[7.511s] [01m[K/home/manoj/ros/robot_ws/src/navigation2_tutorials/nav2_sms_behavior/src/send_sms.cpp:56:1:[m[K [01;31m[Kerror: [m[Kâ€˜[01m[KResultStatus[m[Kâ€™ does not name a type
[7.511s]    56 | [01;31m[KResultStatus[m[K SendSms::onCycleUpdate()
[7.511s]       | [01;31m[K^~~~~~~~~~~~[m[K
[7.896s] In file included from [01m[K/opt/ros/humble/include/class_loader/class_loader/class_loader_core.hpp:57[m[K,
[7.896s]                  from [01m[K/opt/ros/humble/include/class_loader/class_loader/class_loader.hpp:55[m[K,
[7.896s]                  from [01m[K/opt/ros/humble/include/pluginlib/pluginlib/class_list_macros.hpp:40[m[K,
[7.896s]                  from [01m[K/home/manoj/ros/robot_ws/src/navigation2_tutorials/nav2_sms_behavior/src/send_sms.cpp:63[m[K:
[7.896s] /opt/ros/humble/include/class_loader/class_loader/meta_object.hpp: In instantiation of â€˜[01m[KB* class_loader::impl::MetaObject<C, B>::create() const [with C = nav2_sms_behavior::SendSms; B = nav2_core::Behavior][m[Kâ€™:
[7.896s] [01m[K/opt/ros/humble/include/class_loader/class_loader/meta_object.hpp:216:7:[m[K   required from here
[7.896s] [01m[K/opt/ros/humble/include/class_loader/class_loader/meta_object.hpp:218:12:[m[K [01;31m[Kerror: [m[Kinvalid new-expression of abstract class type â€˜[01m[Knav2_sms_behavior::SendSms[m[Kâ€™
[7.896s]   218 |     return [01;31m[Knew C[m[K;
[7.896s]       |            [01;31m[K^~~~~[m[K
[7.896s] In file included from [01m[K/home/manoj/ros/robot_ws/src/navigation2_tutorials/nav2_sms_behavior/src/send_sms.cpp:8[m[K:
[7.896s] [01m[K/home/manoj/ros/robot_ws/src/navigation2_tutorials/nav2_sms_behavior/include/nav2_sms_behavior/send_sms.hpp:21:7:[m[K [01;36m[Knote: [m[K  because the following virtual functions are pure within â€˜[01m[Knav2_sms_behavior::SendSms[m[Kâ€™:
[7.896s]    21 | class [01;36m[KSendSms[m[K : public TimedBehavior<Action>
[7.896s]       |       [01;36m[K^~~~~~~[m[K
[7.896s] In file included from [01m[K/home/manoj/ros/robot_ws/src/navigation2_tutorials/nav2_sms_behavior/include/nav2_sms_behavior/send_sms.hpp:11[m[K,
[7.896s]                  from [01m[K/home/manoj/ros/robot_ws/src/navigation2_tutorials/nav2_sms_behavior/src/send_sms.cpp:8[m[K:
[7.896s] [01m[K/opt/ros/humble/include/nav2_behaviors/timed_behavior.hpp:76:18:[m[K [01;36m[Knote: [m[K    â€˜[01m[Knav2_behaviors::Status nav2_behaviors::TimedBehavior<ActionT>::onRun(std::shared_ptr<const typename ActionT::Goal>) [with ActionT = nav2_sms_behavior::action::SendSms; typename ActionT::Goal = nav2_sms_behavior::action::SendSms_Goal_<std::allocator<void> >][m[Kâ€™
[7.896s]    76 |   virtual Status [01;36m[KonRun[m[K(const std::shared_ptr<const typename ActionT::Goal> command) = 0;
[7.896s]       |                  [01;36m[K^~~~~[m[K
[7.897s] [01m[K/opt/ros/humble/include/nav2_behaviors/timed_behavior.hpp:84:18:[m[K [01;36m[Knote: [m[K    â€˜[01m[Knav2_behaviors::Status nav2_behaviors::TimedBehavior<ActionT>::onCycleUpdate() [with ActionT = nav2_sms_behavior::action::SendSms][m[Kâ€™
[7.897s]    84 |   virtual Status [01;36m[KonCycleUpdate[m[K() = 0;
[7.897s]       |                  [01;36m[K^~~~~~~~~~~~~[m[K
[8.809s] gmake[2]: *** [CMakeFiles/nav2_sms_behavior_plugin.dir/build.make:76: CMakeFiles/nav2_sms_behavior_plugin.dir/src/send_sms.cpp.o] Error 1
[8.810s] gmake[1]: *** [CMakeFiles/Makefile2:593: CMakeFiles/nav2_sms_behavior_plugin.dir/all] Error 2
[8.810s] gmake: *** [Makefile:146: all] Error 2
