In file included from [01m[K/home/manoj/ros/robot_ws/src/navigation2_tutorials/nav2_sms_behavior/src/send_sms.cpp:8[m[K:
[01m[K/home/manoj/ros/robot_ws/src/navigation2_tutorials/nav2_sms_behavior/include/nav2_sms_behavior/send_sms.hpp:27:3:[m[K [01;31m[Kerror: [m[Kâ€˜[01m[KResultStatus[m[Kâ€™ does not name a type
   27 |   [01;31m[KResultStatus[m[K onRun(const std::shared_ptr<const Action::Goal> command) override;
      |   [01;31m[K^~~~~~~~~~~~[m[K
[01m[K/home/manoj/ros/robot_ws/src/navigation2_tutorials/nav2_sms_behavior/include/nav2_sms_behavior/send_sms.hpp:29:3:[m[K [01;31m[Kerror: [m[Kâ€˜[01m[KResultStatus[m[Kâ€™ does not name a type
   29 |   [01;31m[KResultStatus[m[K onCycleUpdate() override;
      |   [01;31m[K^~~~~~~~~~~~[m[K
[01m[K/home/manoj/ros/robot_ws/src/navigation2_tutorials/nav2_sms_behavior/include/nav2_sms_behavior/send_sms.hpp:37:14:[m[K [01;31m[Kerror: [m[Kâ€˜[01m[KCostmapInfoType[m[Kâ€™ in namespace â€˜[01m[Knav2_core[m[Kâ€™ does not name a type
   37 |   nav2_core::[01;31m[KCostmapInfoType[m[K getResourceInfo() override {return nav2_core::CostmapInfoType::NONE;}
      |              [01;31m[K^~~~~~~~~~~~~~~[m[K
[01m[K/home/manoj/ros/robot_ws/src/navigation2_tutorials/nav2_sms_behavior/src/send_sms.cpp:36:1:[m[K [01;31m[Kerror: [m[Kâ€˜[01m[KResultStatus[m[Kâ€™ does not name a type
   36 | [01;31m[KResultStatus[m[K SendSms::onRun(const std::shared_ptr<const Action::Goal> command)
      | [01;31m[K^~~~~~~~~~~~[m[K
[01m[K/home/manoj/ros/robot_ws/src/navigation2_tutorials/nav2_sms_behavior/src/send_sms.cpp:56:1:[m[K [01;31m[Kerror: [m[Kâ€˜[01m[KResultStatus[m[Kâ€™ does not name a type
   56 | [01;31m[KResultStatus[m[K SendSms::onCycleUpdate()
      | [01;31m[K^~~~~~~~~~~~[m[K
In file included from [01m[K/opt/ros/humble/include/class_loader/class_loader/class_loader_core.hpp:57[m[K,
                 from [01m[K/opt/ros/humble/include/class_loader/class_loader/class_loader.hpp:55[m[K,
                 from [01m[K/opt/ros/humble/include/pluginlib/pluginlib/class_list_macros.hpp:40[m[K,
                 from [01m[K/home/manoj/ros/robot_ws/src/navigation2_tutorials/nav2_sms_behavior/src/send_sms.cpp:63[m[K:
/opt/ros/humble/include/class_loader/class_loader/meta_object.hpp: In instantiation of â€˜[01m[KB* class_loader::impl::MetaObject<C, B>::create() const [with C = nav2_sms_behavior::SendSms; B = nav2_core::Behavior][m[Kâ€™:
[01m[K/opt/ros/humble/include/class_loader/class_loader/meta_object.hpp:216:7:[m[K   required from here
[01m[K/opt/ros/humble/include/class_loader/class_loader/meta_object.hpp:218:12:[m[K [01;31m[Kerror: [m[Kinvalid new-expression of abstract class type â€˜[01m[Knav2_sms_behavior::SendSms[m[Kâ€™
  218 |     return [01;31m[Knew C[m[K;
      |            [01;31m[K^~~~~[m[K
In file included from [01m[K/home/manoj/ros/robot_ws/src/navigation2_tutorials/nav2_sms_behavior/src/send_sms.cpp:8[m[K:
[01m[K/home/manoj/ros/robot_ws/src/navigation2_tutorials/nav2_sms_behavior/include/nav2_sms_behavior/send_sms.hpp:21:7:[m[K [01;36m[Knote: [m[K  because the following virtual functions are pure within â€˜[01m[Knav2_sms_behavior::SendSms[m[Kâ€™:
   21 | class [01;36m[KSendSms[m[K : public TimedBehavior<Action>
      |       [01;36m[K^~~~~~~[m[K
In file included from [01m[K/home/manoj/ros/robot_ws/src/navigation2_tutorials/nav2_sms_behavior/include/nav2_sms_behavior/send_sms.hpp:11[m[K,
                 from [01m[K/home/manoj/ros/robot_ws/src/navigation2_tutorials/nav2_sms_behavior/src/send_sms.cpp:8[m[K:
[01m[K/opt/ros/humble/include/nav2_behaviors/timed_behavior.hpp:76:18:[m[K [01;36m[Knote: [m[K    â€˜[01m[Knav2_behaviors::Status nav2_behaviors::TimedBehavior<ActionT>::onRun(std::shared_ptr<const typename ActionT::Goal>) [with ActionT = nav2_sms_behavior::action::SendSms; typename ActionT::Goal = nav2_sms_behavior::action::SendSms_Goal_<std::allocator<void> >][m[Kâ€™
   76 |   virtual Status [01;36m[KonRun[m[K(const std::shared_ptr<const typename ActionT::Goal> command) = 0;
      |                  [01;36m[K^~~~~[m[K
[01m[K/opt/ros/humble/include/nav2_behaviors/timed_behavior.hpp:84:18:[m[K [01;36m[Knote: [m[K    â€˜[01m[Knav2_behaviors::Status nav2_behaviors::TimedBehavior<ActionT>::onCycleUpdate() [with ActionT = nav2_sms_behavior::action::SendSms][m[Kâ€™
   84 |   virtual Status [01;36m[KonCycleUpdate[m[K() = 0;
      |                  [01;36m[K^~~~~~~~~~~~~[m[K
gmake[2]: *** [CMakeFiles/nav2_sms_behavior_plugin.dir/build.make:76: CMakeFiles/nav2_sms_behavior_plugin.dir/src/send_sms.cpp.o] Error 1
gmake[1]: *** [CMakeFiles/Makefile2:593: CMakeFiles/nav2_sms_behavior_plugin.dir/all] Error 2
gmake: *** [Makefile:146: all] Error 2
