[35m[1mConsolidate compiler generated dependencies of target nav2_sms_behavior__rosidl_generator_c[0m
[  2%] Built target nav2_sms_behavior__cpp
[ 11%] Built target nav2_sms_behavior__rosidl_generator_c
[ 11%] Built target ament_cmake_python_copy_nav2_sms_behavior
[35m[1mConsolidate compiler generated dependencies of target nav2_sms_behavior__rosidl_typesupport_introspection_cpp[0m
[35m[1mConsolidate compiler generated dependencies of target nav2_sms_behavior__rosidl_typesupport_cpp[0m
[35m[1mConsolidate compiler generated dependencies of target nav2_sms_behavior__rosidl_typesupport_fastrtps_cpp[0m
[35m[1mConsolidate compiler generated dependencies of target nav2_sms_behavior__rosidl_typesupport_c[0m
[35m[1mConsolidate compiler generated dependencies of target nav2_sms_behavior__rosidl_typesupport_fastrtps_c[0m
[35m[1mConsolidate compiler generated dependencies of target nav2_sms_behavior__rosidl_typesupport_introspection_c[0m
[ 20%] Built target nav2_sms_behavior__rosidl_typesupport_introspection_cpp
[ 29%] Built target nav2_sms_behavior__rosidl_typesupport_cpp
[ 38%] Built target nav2_sms_behavior__rosidl_typesupport_c
[ 47%] Built target nav2_sms_behavior__rosidl_typesupport_introspection_c
[ 55%] Built target nav2_sms_behavior__rosidl_typesupport_fastrtps_c
[ 64%] Built target nav2_sms_behavior__rosidl_typesupport_fastrtps_cpp
[35m[1mConsolidate compiler generated dependencies of target nav2_sms_behavior_plugin[0m
[ 64%] Built target nav2_sms_behavior
[ 67%] [32mBuilding CXX object CMakeFiles/nav2_sms_behavior_plugin.dir/src/send_sms.cpp.o[0m
[ 70%] [32mBuilding CXX object CMakeFiles/nav2_sms_behavior_plugin.dir/src/twilio.cpp.o[0m
[ 73%] [34m[1mGenerating Python code for ROS interfaces[0m
running egg_info
creating nav2_sms_behavior.egg-info
writing nav2_sms_behavior.egg-info/PKG-INFO
writing dependency_links to nav2_sms_behavior.egg-info/dependency_links.txt
writing top-level names to nav2_sms_behavior.egg-info/top_level.txt
writing manifest file 'nav2_sms_behavior.egg-info/SOURCES.txt'
reading manifest file 'nav2_sms_behavior.egg-info/SOURCES.txt'
writing manifest file 'nav2_sms_behavior.egg-info/SOURCES.txt'
[ 73%] Built target ament_cmake_python_build_nav2_sms_behavior_egg
[ 73%] Built target nav2_sms_behavior__py
[ 76%] [32mBuilding C object CMakeFiles/nav2_sms_behavior__rosidl_generator_py.dir/rosidl_generator_py/nav2_sms_behavior/action/_send_sms_s.c.o[0m
[ 79%] [32m[1mLinking C shared library rosidl_generator_py/nav2_sms_behavior/libnav2_sms_behavior__rosidl_generator_py.so[0m
[ 79%] Built target nav2_sms_behavior__rosidl_generator_py
[ 88%] [32mBuilding C object CMakeFiles/nav2_sms_behavior__rosidl_typesupport_c__pyext.dir/rosidl_generator_py/nav2_sms_behavior/_nav2_sms_behavior_s.ep.rosidl_typesupport_c.c.o[0m
[ 88%] [32mBuilding C object CMakeFiles/nav2_sms_behavior__rosidl_typesupport_fastrtps_c__pyext.dir/rosidl_generator_py/nav2_sms_behavior/_nav2_sms_behavior_s.ep.rosidl_typesupport_fastrtps_c.c.o[0m
[ 88%] [32mBuilding C object CMakeFiles/nav2_sms_behavior__rosidl_typesupport_introspection_c__pyext.dir/rosidl_generator_py/nav2_sms_behavior/_nav2_sms_behavior_s.ep.rosidl_typesupport_introspection_c.c.o[0m
[ 97%] [32m[1mLinking C shared library rosidl_generator_py/nav2_sms_behavior/nav2_sms_behavior_s__rosidl_typesupport_introspection_c.cpython-310-x86_64-linux-gnu.so[0m
[ 97%] [32m[1mLinking C shared library rosidl_generator_py/nav2_sms_behavior/nav2_sms_behavior_s__rosidl_typesupport_fastrtps_c.cpython-310-x86_64-linux-gnu.so[0m
[ 97%] [32m[1mLinking C shared library rosidl_generator_py/nav2_sms_behavior/nav2_sms_behavior_s__rosidl_typesupport_c.cpython-310-x86_64-linux-gnu.so[0m
[ 97%] Built target nav2_sms_behavior__rosidl_typesupport_introspection_c__pyext
[ 97%] Built target nav2_sms_behavior__rosidl_typesupport_c__pyext
[ 97%] Built target nav2_sms_behavior__rosidl_typesupport_fastrtps_c__pyext
In file included from [01m[K/home/manoj/ros/robot_ws/src/navigation2_tutorials/nav2_sms_behavior/src/send_sms.cpp:8[m[K:
[01m[K/home/manoj/ros/robot_ws/src/navigation2_tutorials/nav2_sms_behavior/include/nav2_sms_behavior/send_sms.hpp:27:3:[m[K [01;31m[Kerror: [m[Kâ€˜[01m[KResultStatus[m[Kâ€™ does not name a type
   27 |   [01;31m[KResultStatus[m[K onRun(const std::shared_ptr<const Action::Goal> command) override;
      |   [01;31m[K^~~~~~~~~~~~[m[K
[01m[K/home/manoj/ros/robot_ws/src/navigation2_tutorials/nav2_sms_behavior/include/nav2_sms_behavior/send_sms.hpp:29:3:[m[K [01;31m[Kerror: [m[Kâ€˜[01m[KResultStatus[m[Kâ€™ does not name a type
   29 |   [01;31m[KResultStatus[m[K onCycleUpdate() override;
      |   [01;31m[K^~~~~~~~~~~~[m[K
[01m[K/home/manoj/ros/robot_ws/src/navigation2_tutorials/nav2_sms_behavior/include/nav2_sms_behavior/send_sms.hpp:37:14:[m[K [01;31m[Kerror: [m[Kâ€˜[01m[KCostmapInfoType[m[Kâ€™ in namespace â€˜[01m[Knav2_core[m[Kâ€™ does not name a type
   37 |   nav2_core::[01;31m[KCostmapInfoType[m[K getResourceInfo() override {return nav2_core::CostmapInfoType::NONE;}
      |              [01;31m[K^~~~~~~~~~~~~~~[m[K
[01m[K/home/manoj/ros/robot_ws/src/navigation2_tutorials/nav2_sms_behavior/src/send_sms.cpp:36:1:[m[K [01;31m[Kerror: [m[Kâ€˜[01m[KResultStatus[m[Kâ€™ does not name a type
   36 | [01;31m[KResultStatus[m[K SendSms::onRun(const std::shared_ptr<const Action::Goal> command)
      | [01;31m[K^~~~~~~~~~~~[m[K
[01m[K/home/manoj/ros/robot_ws/src/navigation2_tutorials/nav2_sms_behavior/src/send_sms.cpp:56:1:[m[K [01;31m[Kerror: [m[Kâ€˜[01m[KResultStatus[m[Kâ€™ does not name a type
   56 | [01;31m[KResultStatus[m[K SendSms::onCycleUpdate()
      | [01;31m[K^~~~~~~~~~~~[m[K
In file included from [01m[K/opt/ros/humble/include/class_loader/class_loader/class_loader_core.hpp:57[m[K,
                 from [01m[K/opt/ros/humble/include/class_loader/class_loader/class_loader.hpp:55[m[K,
                 from [01m[K/opt/ros/humble/include/pluginlib/pluginlib/class_list_macros.hpp:40[m[K,
                 from [01m[K/home/manoj/ros/robot_ws/src/navigation2_tutorials/nav2_sms_behavior/src/send_sms.cpp:63[m[K:
/opt/ros/humble/include/class_loader/class_loader/meta_object.hpp: In instantiation of â€˜[01m[KB* class_loader::impl::MetaObject<C, B>::create() const [with C = nav2_sms_behavior::SendSms; B = nav2_core::Behavior][m[Kâ€™:
[01m[K/opt/ros/humble/include/class_loader/class_loader/meta_object.hpp:216:7:[m[K   required from here
[01m[K/opt/ros/humble/include/class_loader/class_loader/meta_object.hpp:218:12:[m[K [01;31m[Kerror: [m[Kinvalid new-expression of abstract class type â€˜[01m[Knav2_sms_behavior::SendSms[m[Kâ€™
  218 |     return [01;31m[Knew C[m[K;
      |            [01;31m[K^~~~~[m[K
In file included from [01m[K/home/manoj/ros/robot_ws/src/navigation2_tutorials/nav2_sms_behavior/src/send_sms.cpp:8[m[K:
[01m[K/home/manoj/ros/robot_ws/src/navigation2_tutorials/nav2_sms_behavior/include/nav2_sms_behavior/send_sms.hpp:21:7:[m[K [01;36m[Knote: [m[K  because the following virtual functions are pure within â€˜[01m[Knav2_sms_behavior::SendSms[m[Kâ€™:
   21 | class [01;36m[KSendSms[m[K : public TimedBehavior<Action>
      |       [01;36m[K^~~~~~~[m[K
In file included from [01m[K/home/manoj/ros/robot_ws/src/navigation2_tutorials/nav2_sms_behavior/include/nav2_sms_behavior/send_sms.hpp:11[m[K,
                 from [01m[K/home/manoj/ros/robot_ws/src/navigation2_tutorials/nav2_sms_behavior/src/send_sms.cpp:8[m[K:
[01m[K/opt/ros/humble/include/nav2_behaviors/timed_behavior.hpp:76:18:[m[K [01;36m[Knote: [m[K    â€˜[01m[Knav2_behaviors::Status nav2_behaviors::TimedBehavior<ActionT>::onRun(std::shared_ptr<const typename ActionT::Goal>) [with ActionT = nav2_sms_behavior::action::SendSms; typename ActionT::Goal = nav2_sms_behavior::action::SendSms_Goal_<std::allocator<void> >][m[Kâ€™
   76 |   virtual Status [01;36m[KonRun[m[K(const std::shared_ptr<const typename ActionT::Goal> command) = 0;
      |                  [01;36m[K^~~~~[m[K
[01m[K/opt/ros/humble/include/nav2_behaviors/timed_behavior.hpp:84:18:[m[K [01;36m[Knote: [m[K    â€˜[01m[Knav2_behaviors::Status nav2_behaviors::TimedBehavior<ActionT>::onCycleUpdate() [with ActionT = nav2_sms_behavior::action::SendSms][m[Kâ€™
   84 |   virtual Status [01;36m[KonCycleUpdate[m[K() = 0;
      |                  [01;36m[K^~~~~~~~~~~~~[m[K
gmake[2]: *** [CMakeFiles/nav2_sms_behavior_plugin.dir/build.make:76: CMakeFiles/nav2_sms_behavior_plugin.dir/src/send_sms.cpp.o] Error 1
gmake[1]: *** [CMakeFiles/Makefile2:593: CMakeFiles/nav2_sms_behavior_plugin.dir/all] Error 2
gmake: *** [Makefile:146: all] Error 2
