[0.933s] Invoking command in '/home/manoj/ros/robot_ws/build/nav2_pure_pursuit_controller': CMAKE_PREFIX_PATH=/opt/ros/humble /usr/bin/cmake /home/manoj/ros/robot_ws/src/navigation2_tutorials/nav2_pure_pursuit_controller -DCMAKE_INSTALL_PREFIX=/home/manoj/ros/robot_ws/install/nav2_pure_pursuit_controller
[1.015s] -- The C compiler identification is GNU 11.4.0
[1.137s] -- The CXX compiler identification is GNU 11.4.0
[1.148s] -- Detecting C compiler ABI info
[1.280s] -- Detecting C compiler ABI info - done
[1.299s] -- Check for working C compiler: /usr/bin/cc - skipped
[1.299s] -- Detecting C compile features
[1.300s] -- Detecting C compile features - done
[1.304s] -- Detecting CXX compiler ABI info
[1.445s] -- Detecting CXX compiler ABI info - done
[1.462s] -- Check for working CXX compiler: /usr/bin/c++ - skipped
[1.463s] -- Detecting CXX compile features
[1.464s] -- Detecting CXX compile features - done
[1.469s] -- Found ament_cmake: 1.3.10 (/opt/ros/humble/share/ament_cmake/cmake)
[1.746s] -- Found Python3: /usr/bin/python3 (found version "3.10.12") found components: Interpreter 
[1.918s] -- Found nav2_common: 1.1.16 (/opt/ros/humble/share/nav2_common/cmake)
[1.921s] -- Found nav2_core: 1.1.16 (/opt/ros/humble/share/nav2_core/cmake)
[2.002s] -- Found rosidl_generator_c: 3.1.5 (/opt/ros/humble/share/rosidl_generator_c/cmake)
[2.012s] -- Found rosidl_adapter: 3.1.5 (/opt/ros/humble/share/rosidl_adapter/cmake)
[2.029s] -- Found rosidl_generator_cpp: 3.1.5 (/opt/ros/humble/share/rosidl_generator_cpp/cmake)
[2.054s] -- Using all available rosidl_typesupport_c: rosidl_typesupport_fastrtps_c;rosidl_typesupport_introspection_c
[2.088s] -- Using all available rosidl_typesupport_cpp: rosidl_typesupport_fastrtps_cpp;rosidl_typesupport_introspection_cpp
[2.179s] -- Found rmw_implementation_cmake: 6.1.2 (/opt/ros/humble/share/rmw_implementation_cmake/cmake)
[2.184s] -- Found rmw_fastrtps_cpp: 6.2.7 (/opt/ros/humble/share/rmw_fastrtps_cpp/cmake)
[2.318s] -- Found OpenSSL: /usr/lib/x86_64-linux-gnu/libcrypto.so (found version "3.0.2")  
[2.362s] -- Found FastRTPS: /opt/ros/humble/include  
[2.431s] -- Using RMW implementation 'rmw_fastrtps_cpp' as default
[2.443s] -- Looking for pthread.h
[2.533s] -- Looking for pthread.h - found
[2.533s] -- Performing Test CMAKE_HAVE_LIBC_PTHREAD
[2.634s] -- Performing Test CMAKE_HAVE_LIBC_PTHREAD - Success
[2.636s] -- Found Threads: TRUE  
[3.127s] -- Found Eigen3: TRUE (found version "3.4.0") 
[3.127s] -- Ensuring Eigen3 include directory is part of orocos-kdl CMake target
[3.341s] -- Setting build type to Release as none was specified.
[3.426s] -- Found ament_lint_auto: 0.12.11 (/opt/ros/humble/share/ament_lint_auto/cmake)
[3.521s] -- Configuring done
[3.615s] -- Generating done
[3.618s] -- Build files have been written to: /home/manoj/ros/robot_ws/build/nav2_pure_pursuit_controller
[3.633s] Invoked command in '/home/manoj/ros/robot_ws/build/nav2_pure_pursuit_controller' returned '0': CMAKE_PREFIX_PATH=/opt/ros/humble /usr/bin/cmake /home/manoj/ros/robot_ws/src/navigation2_tutorials/nav2_pure_pursuit_controller -DCMAKE_INSTALL_PREFIX=/home/manoj/ros/robot_ws/install/nav2_pure_pursuit_controller
[3.636s] Invoking command in '/home/manoj/ros/robot_ws/build/nav2_pure_pursuit_controller': CMAKE_PREFIX_PATH=/opt/ros/humble /usr/bin/cmake --build /home/manoj/ros/robot_ws/build/nav2_pure_pursuit_controller -- -j12 -l12
[3.695s] [ 50%] [32mBuilding CXX object CMakeFiles/nav2_pure_pursuit_controller.dir/src/pure_pursuit_controller.cpp.o[0m
[3.862s] [01m[K/home/manoj/ros/robot_ws/src/navigation2_tutorials/nav2_pure_pursuit_controller/src/pure_pursuit_controller.cpp:13:10:[m[K [01;31m[Kfatal error: [m[Knav2_core/controller_exceptions.hpp: No such file or directory
[3.862s]    13 | #include [01;31m[K"nav2_core/controller_exceptions.hpp"[m[K
[3.862s]       |          [01;31m[K^~~~~~~~~~~~~~~~~~~~~~~~~~~~~~~~~~~~~[m[K
[3.862s] compilation terminated.
[3.863s] gmake[2]: *** [CMakeFiles/nav2_pure_pursuit_controller.dir/build.make:76: CMakeFiles/nav2_pure_pursuit_controller.dir/src/pure_pursuit_controller.cpp.o] Error 1
[3.864s] gmake[1]: *** [CMakeFiles/Makefile2:137: CMakeFiles/nav2_pure_pursuit_controller.dir/all] Error 2
[3.864s] gmake: *** [Makefile:146: all] Error 2
[3.868s] Invoked command in '/home/manoj/ros/robot_ws/build/nav2_pure_pursuit_controller' returned '2': CMAKE_PREFIX_PATH=/opt/ros/humble /usr/bin/cmake --build /home/manoj/ros/robot_ws/build/nav2_pure_pursuit_controller -- -j12 -l12
