[0.562s] Invoking command in '/home/manoj/ros/robot_ws/build/nav2_straightline_planner': CMAKE_PREFIX_PATH=/home/manoj/ros/robot_ws/install/nav2_gps_waypoint_follower_demo:/home/manoj/ros/robot_ws/install/base_pkg:/opt/ros/humble:${CMAKE_PREFIX_PATH} /usr/bin/cmake --build /home/manoj/ros/robot_ws/build/nav2_straightline_planner -- -j12 -l12
[0.632s] [35m[1mConsolidate compiler generated dependencies of target nav2_straightline_planner_plugin[0m
[0.661s] [ 50%] [32mBuilding CXX object CMakeFiles/nav2_straightline_planner_plugin.dir/src/straight_line_planner.cpp.o[0m
[3.588s] In file included from [01m[K/home/manoj/ros/robot_ws/src/navigation2_tutorials/nav2_straightline_planner/src/straight_line_planner.cpp:46[m[K:
[3.588s] [01m[K/home/manoj/ros/robot_ws/src/navigation2_tutorials/nav2_straightline_planner/include/nav2_straightline_planner/straight_line_planner.hpp:82:23:[m[K [01;31m[Kerror: [m[Kâ€˜[01m[Knav_msgs::msg::Path nav2_straightline_planner::StraightLine::createPlan(const PoseStamped&, const PoseStamped&, std::function<bool()>)[m[Kâ€™ marked â€˜[01m[Koverride[m[Kâ€™, but does not override
[3.588s]    82 |   nav_msgs::msg::Path [01;31m[KcreatePlan[m[K(
[3.588s]       |                       [01;31m[K^~~~~~~~~~[m[K
[4.621s] In file included from [01m[K/opt/ros/humble/include/class_loader/class_loader/class_loader_core.hpp:57[m[K,
[4.621s]                  from [01m[K/opt/ros/humble/include/class_loader/class_loader/class_loader.hpp:55[m[K,
[4.621s]                  from [01m[K/opt/ros/humble/include/class_loader/class_loader/multi_library_class_loader.hpp:52[m[K,
[4.621s]                  from [01m[K/opt/ros/humble/include/pluginlib/pluginlib/class_loader.hpp:38[m[K,
[4.621s]                  from [01m[K/opt/ros/humble/include/nav2_costmap_2d/nav2_costmap_2d/costmap_2d_ros.hpp:54[m[K,
[4.621s]                  from [01m[K/opt/ros/humble/include/nav2_core/global_planner.hpp:21[m[K,
[4.621s]                  from [01m[K/home/manoj/ros/robot_ws/src/navigation2_tutorials/nav2_straightline_planner/include/nav2_straightline_planner/straight_line_planner.hpp:51[m[K,
[4.622s]                  from [01m[K/home/manoj/ros/robot_ws/src/navigation2_tutorials/nav2_straightline_planner/src/straight_line_planner.cpp:46[m[K:
[4.622s] /opt/ros/humble/include/class_loader/class_loader/meta_object.hpp: In instantiation of â€˜[01m[KB* class_loader::impl::MetaObject<C, B>::create() const [with C = nav2_straightline_planner::StraightLine; B = nav2_core::GlobalPlanner][m[Kâ€™:
[4.622s] [01m[K/opt/ros/humble/include/class_loader/class_loader/meta_object.hpp:216:7:[m[K   required from here
[4.622s] [01m[K/opt/ros/humble/include/class_loader/class_loader/meta_object.hpp:218:12:[m[K [01;31m[Kerror: [m[Kinvalid new-expression of abstract class type â€˜[01m[Knav2_straightline_planner::StraightLine[m[Kâ€™
[4.622s]   218 |     return [01;31m[Knew C[m[K;
[4.622s]       |            [01;31m[K^~~~~[m[K
[4.622s] In file included from [01m[K/home/manoj/ros/robot_ws/src/navigation2_tutorials/nav2_straightline_planner/src/straight_line_planner.cpp:46[m[K:
[4.622s] [01m[K/home/manoj/ros/robot_ws/src/navigation2_tutorials/nav2_straightline_planner/include/nav2_straightline_planner/straight_line_planner.hpp:60:7:[m[K [01;36m[Knote: [m[K  because the following virtual functions are pure within â€˜[01m[Knav2_straightline_planner::StraightLine[m[Kâ€™:
[4.622s]    60 | class [01;36m[KStraightLine[m[K : public nav2_core::GlobalPlanner
[4.622s]       |       [01;36m[K^~~~~~~~~~~~[m[K
[4.622s] In file included from [01m[K/home/manoj/ros/robot_ws/src/navigation2_tutorials/nav2_straightline_planner/include/nav2_straightline_planner/straight_line_planner.hpp:51[m[K,
[4.622s]                  from [01m[K/home/manoj/ros/robot_ws/src/navigation2_tutorials/nav2_straightline_planner/src/straight_line_planner.cpp:46[m[K:
[4.622s] [01m[K/opt/ros/humble/include/nav2_core/global_planner.hpp:76:31:[m[K [01;36m[Knote: [m[K    â€˜[01m[Kvirtual nav_msgs::msg::Path nav2_core::GlobalPlanner::createPlan(const PoseStamped&, const PoseStamped&)[m[Kâ€™
[4.622s]    76 |   virtual nav_msgs::msg::Path [01;36m[KcreatePlan[m[K(
[4.622s]       |                               [01;36m[K^~~~~~~~~~[m[K
[4.735s] gmake[2]: *** [CMakeFiles/nav2_straightline_planner_plugin.dir/build.make:76: CMakeFiles/nav2_straightline_planner_plugin.dir/src/straight_line_planner.cpp.o] Error 1
[4.735s] gmake[1]: *** [CMakeFiles/Makefile2:137: CMakeFiles/nav2_straightline_planner_plugin.dir/all] Error 2
[4.735s] gmake: *** [Makefile:146: all] Error 2
