[01m[K/home/manoj/ros/robot_ws/src/navigation2_tutorials/nav2_pure_pursuit_controller/src/pure_pursuit_controller.cpp:13:10:[m[K [01;31m[Kfatal error: [m[Knav2_core/controller_exceptions.hpp: No such file or directory
   13 | #include [01;31m[K"nav2_core/controller_exceptions.hpp"[m[K
      |          [01;31m[K^~~~~~~~~~~~~~~~~~~~~~~~~~~~~~~~~~~~~[m[K
compilation terminated.
gmake[2]: *** [CMakeFiles/nav2_pure_pursuit_controller.dir/build.make:76: CMakeFiles/nav2_pure_pursuit_controller.dir/src/pure_pursuit_controller.cpp.o] Error 1
gmake[1]: *** [CMakeFiles/Makefile2:137: CMakeFiles/nav2_pure_pursuit_controller.dir/all] Error 2
gmake: *** [Makefile:146: all] Error 2
