[0.930s] Invoking command in '/home/manoj/ros/robot_ws/build/nav2_straightline_planner': CMAKE_PREFIX_PATH=/opt/ros/humble /usr/bin/cmake /home/manoj/ros/robot_ws/src/navigation2_tutorials/nav2_straightline_planner -DCMAKE_INSTALL_PREFIX=/home/manoj/ros/robot_ws/install/nav2_straightline_planner
[1.026s] -- The C compiler identification is GNU 11.4.0
[1.141s] -- The CXX compiler identification is GNU 11.4.0
[1.156s] -- Detecting C compiler ABI info
[1.290s] -- Detecting C compiler ABI info - done
[1.310s] -- Check for working C compiler: /usr/bin/cc - skipped
[1.310s] -- Detecting C compile features
[1.310s] -- Detecting C compile features - done
[1.318s] -- Detecting CXX compiler ABI info
[1.451s] -- Detecting CXX compiler ABI info - done
[1.472s] -- Check for working CXX compiler: /usr/bin/c++ - skipped
[1.472s] -- Detecting CXX compile features
[1.472s] -- Detecting CXX compile features - done
[1.480s] -- Found ament_cmake: 1.3.10 (/opt/ros/humble/share/ament_cmake/cmake)
[1.745s] -- Found Python3: /usr/bin/python3 (found version "3.10.12") found components: Interpreter 
[1.914s] -- Found rclcpp: 16.0.10 (/opt/ros/humble/share/rclcpp/cmake)
[1.972s] -- Found rosidl_generator_c: 3.1.5 (/opt/ros/humble/share/rosidl_generator_c/cmake)
[1.978s] -- Found rosidl_adapter: 3.1.5 (/opt/ros/humble/share/rosidl_adapter/cmake)
[1.989s] -- Found rosidl_generator_cpp: 3.1.5 (/opt/ros/humble/share/rosidl_generator_cpp/cmake)
[2.005s] -- Using all available rosidl_typesupport_c: rosidl_typesupport_fastrtps_c;rosidl_typesupport_introspection_c
[2.033s] -- Using all available rosidl_typesupport_cpp: rosidl_typesupport_fastrtps_cpp;rosidl_typesupport_introspection_cpp
[2.124s] -- Found rmw_implementation_cmake: 6.1.2 (/opt/ros/humble/share/rmw_implementation_cmake/cmake)
[2.128s] -- Found rmw_fastrtps_cpp: 6.2.7 (/opt/ros/humble/share/rmw_fastrtps_cpp/cmake)
[2.263s] -- Found OpenSSL: /usr/lib/x86_64-linux-gnu/libcrypto.so (found version "3.0.2")  
[2.314s] -- Found FastRTPS: /opt/ros/humble/include  
[2.392s] -- Using RMW implementation 'rmw_fastrtps_cpp' as default
[2.406s] -- Looking for pthread.h
[2.498s] -- Looking for pthread.h - found
[2.499s] -- Performing Test CMAKE_HAVE_LIBC_PTHREAD
[2.609s] -- Performing Test CMAKE_HAVE_LIBC_PTHREAD - Success
[2.610s] -- Found Threads: TRUE  
[2.703s] -- Found rclcpp_action: 16.0.10 (/opt/ros/humble/share/rclcpp_action/cmake)
[2.761s] -- Found rclcpp_lifecycle: 16.0.10 (/opt/ros/humble/share/rclcpp_lifecycle/cmake)
[2.788s] -- Found visualization_msgs: 4.2.4 (/opt/ros/humble/share/visualization_msgs/cmake)
[2.864s] -- Found nav2_util: 1.1.16 (/opt/ros/humble/share/nav2_util/cmake)
[3.080s] -- Found eigen3_cmake_module: 0.1.1 (/opt/ros/humble/share/eigen3_cmake_module/cmake)
[3.082s] -- Found Eigen3: TRUE (found version "3.4.0") 
[3.082s] -- Ensuring Eigen3 include directory is part of orocos-kdl CMake target
[3.134s] -- Found nav2_costmap_2d: 1.1.16 (/opt/ros/humble/share/nav2_costmap_2d/cmake)
[3.272s] -- Found nav2_core: 1.1.16 (/opt/ros/humble/share/nav2_core/cmake)
[3.424s] -- Found ament_lint_auto: 0.12.11 (/opt/ros/humble/share/ament_lint_auto/cmake)
[3.537s] -- Added test 'copyright' to check source files copyright and LICENSE
[3.538s] -- Added test 'cppcheck' to perform static code analysis on C / C++ code
[3.539s] -- Configured cppcheck include dirs: /home/manoj/ros/robot_ws/src/navigation2_tutorials/nav2_straightline_planner/include
[3.539s] -- Configured cppcheck exclude dirs and/or files: 
[3.540s] -- Added test 'cpplint' to check C / C++ code against the Google style
[3.540s] -- Configured cpplint exclude dirs and/or files: 
[3.540s] -- Added test 'lint_cmake' to check CMake code style
[3.542s] -- Added test 'uncrustify' to check C / C++ code style
[3.542s] -- Configured uncrustify additional arguments: 
[3.542s] -- Added test 'xmllint' to check XML markup files
[3.545s] -- Configuring done
[3.616s] -- Generating done
[3.619s] -- Build files have been written to: /home/manoj/ros/robot_ws/build/nav2_straightline_planner
[3.635s] Invoked command in '/home/manoj/ros/robot_ws/build/nav2_straightline_planner' returned '0': CMAKE_PREFIX_PATH=/opt/ros/humble /usr/bin/cmake /home/manoj/ros/robot_ws/src/navigation2_tutorials/nav2_straightline_planner -DCMAKE_INSTALL_PREFIX=/home/manoj/ros/robot_ws/install/nav2_straightline_planner
[3.636s] Invoking command in '/home/manoj/ros/robot_ws/build/nav2_straightline_planner': CMAKE_PREFIX_PATH=/opt/ros/humble /usr/bin/cmake --build /home/manoj/ros/robot_ws/build/nav2_straightline_planner -- -j12 -l12
[3.695s] [ 50%] [32mBuilding CXX object CMakeFiles/nav2_straightline_planner_plugin.dir/src/straight_line_planner.cpp.o[0m
[7.779s] In file included from [01m[K/home/manoj/ros/robot_ws/src/navigation2_tutorials/nav2_straightline_planner/src/straight_line_planner.cpp:46[m[K:
[7.779s] [01m[K/home/manoj/ros/robot_ws/src/navigation2_tutorials/nav2_straightline_planner/include/nav2_straightline_planner/straight_line_planner.hpp:82:23:[m[K [01;31m[Kerror: [m[Kâ€˜[01m[Knav_msgs::msg::Path nav2_straightline_planner::StraightLine::createPlan(const PoseStamped&, const PoseStamped&, std::function<bool()>)[m[Kâ€™ marked â€˜[01m[Koverride[m[Kâ€™, but does not override
[7.779s]    82 |   nav_msgs::msg::Path [01;31m[KcreatePlan[m[K(
[7.779s]       |                       [01;31m[K^~~~~~~~~~[m[K
[9.302s] In file included from [01m[K/opt/ros/humble/include/class_loader/class_loader/class_loader_core.hpp:57[m[K,
[9.302s]                  from [01m[K/opt/ros/humble/include/class_loader/class_loader/class_loader.hpp:55[m[K,
[9.302s]                  from [01m[K/opt/ros/humble/include/class_loader/class_loader/multi_library_class_loader.hpp:52[m[K,
[9.302s]                  from [01m[K/opt/ros/humble/include/pluginlib/pluginlib/class_loader.hpp:38[m[K,
[9.302s]                  from [01m[K/opt/ros/humble/include/nav2_costmap_2d/nav2_costmap_2d/costmap_2d_ros.hpp:54[m[K,
[9.302s]                  from [01m[K/opt/ros/humble/include/nav2_core/global_planner.hpp:21[m[K,
[9.302s]                  from [01m[K/home/manoj/ros/robot_ws/src/navigation2_tutorials/nav2_straightline_planner/include/nav2_straightline_planner/straight_line_planner.hpp:51[m[K,
[9.303s]                  from [01m[K/home/manoj/ros/robot_ws/src/navigation2_tutorials/nav2_straightline_planner/src/straight_line_planner.cpp:46[m[K:
[9.303s] /opt/ros/humble/include/class_loader/class_loader/meta_object.hpp: In instantiation of â€˜[01m[KB* class_loader::impl::MetaObject<C, B>::create() const [with C = nav2_straightline_planner::StraightLine; B = nav2_core::GlobalPlanner][m[Kâ€™:
[9.303s] [01m[K/opt/ros/humble/include/class_loader/class_loader/meta_object.hpp:216:7:[m[K   required from here
[9.303s] [01m[K/opt/ros/humble/include/class_loader/class_loader/meta_object.hpp:218:12:[m[K [01;31m[Kerror: [m[Kinvalid new-expression of abstract class type â€˜[01m[Knav2_straightline_planner::StraightLine[m[Kâ€™
[9.303s]   218 |     return [01;31m[Knew C[m[K;
[9.303s]       |            [01;31m[K^~~~~[m[K
[9.303s] In file included from [01m[K/home/manoj/ros/robot_ws/src/navigation2_tutorials/nav2_straightline_planner/src/straight_line_planner.cpp:46[m[K:
[9.303s] [01m[K/home/manoj/ros/robot_ws/src/navigation2_tutorials/nav2_straightline_planner/include/nav2_straightline_planner/straight_line_planner.hpp:60:7:[m[K [01;36m[Knote: [m[K  because the following virtual functions are pure within â€˜[01m[Knav2_straightline_planner::StraightLine[m[Kâ€™:
[9.303s]    60 | class [01;36m[KStraightLine[m[K : public nav2_core::GlobalPlanner
[9.303s]       |       [01;36m[K^~~~~~~~~~~~[m[K
[9.303s] In file included from [01m[K/home/manoj/ros/robot_ws/src/navigation2_tutorials/nav2_straightline_planner/include/nav2_straightline_planner/straight_line_planner.hpp:51[m[K,
[9.303s]                  from [01m[K/home/manoj/ros/robot_ws/src/navigation2_tutorials/nav2_straightline_planner/src/straight_line_planner.cpp:46[m[K:
[9.303s] [01m[K/opt/ros/humble/include/nav2_core/global_planner.hpp:76:31:[m[K [01;36m[Knote: [m[K    â€˜[01m[Kvirtual nav_msgs::msg::Path nav2_core::GlobalPlanner::createPlan(const PoseStamped&, const PoseStamped&)[m[Kâ€™
[9.304s]    76 |   virtual nav_msgs::msg::Path [01;36m[KcreatePlan[m[K(
[9.304s]       |                               [01;36m[K^~~~~~~~~~[m[K
[9.453s] gmake[2]: *** [CMakeFiles/nav2_straightline_planner_plugin.dir/build.make:76: CMakeFiles/nav2_straightline_planner_plugin.dir/src/straight_line_planner.cpp.o] Error 1
[9.453s] gmake[1]: *** [CMakeFiles/Makefile2:137: CMakeFiles/nav2_straightline_planner_plugin.dir/all] Error 2
[9.454s] gmake: *** [Makefile:146: all] Error 2
